  TestZmienDate.cpp
D:\GitHub\Project1\TestZmienDate\TestZmienDate.cpp(20,9): error C2371: "d": zmiana definicji; różne typy podstawowe
D:\GitHub\Project1\TestZmienDate\TestZmienDate.cpp(16): message : zobacz deklarację „d”
D:\GitHub\Project1\TestZmienDate\TestZmienDate.cpp(21,1): error C2661: "Microsoft::VisualStudio::CppUnitTestFramework::Assert::AreEqual": brak przeciążonej funkcji przyjmującej 1 argumenty
D:\GitHub\Project1\TestZmienDate\TestZmienDate.cpp(22,1): error C2661: "Microsoft::VisualStudio::CppUnitTestFramework::Assert::AreEqual": brak przeciążonej funkcji przyjmującej 1 argumenty
D:\GitHub\Project1\TestZmienDate\TestZmienDate.cpp(23,1): error C2661: "Microsoft::VisualStudio::CppUnitTestFramework::Assert::AreEqual": brak przeciążonej funkcji przyjmującej 1 argumenty
D:\GitHub\Project1\TestZmienDate\TestZmienDate.cpp(24,1): error C2661: "Microsoft::VisualStudio::CppUnitTestFramework::Assert::AreEqual": brak przeciążonej funkcji przyjmującej 1 argumenty
